Using pre-set license

 COMMAND LINE ARGUMENTS:
/Applications/Unity/Hub/Editor/2020.3.5f1/Unity.app/Contents/MacOS/Unity
-adb2
-batchMode
-noUpm
-name
AssetImportWorker0
-projectPath
/Users/cle/Downloads/ClimateMuseum_030521/ClimateMuseum_030521
-logFile
Logs/AssetImportWorker0.log
-srvPort
61760
Successfully changed project path to: /Users/cle/Downloads/ClimateMuseum_030521/ClimateMuseum_030521
/Users/cle/Downloads/ClimateMuseum_030521/ClimateMuseum_030521
Using Asset Import Pipeline V2.
Refreshing native plugins compatible for Editor in 45.00 ms, found 1 plugins.
Preloading 0 native plugins for Editor in 0.00 ms.
Initialize engine version: 2020.3.5f1 (8095aa901b9b)
[Subsystems] Discovering subsystems at path /Applications/Unity/Hub/Editor/2020.3.5f1/Unity.app/Contents/Resources/UnitySubsystems
[Subsystems] Discovering subsystems at path /Users/cle/Downloads/ClimateMuseum_030521/ClimateMuseum_030521/Assets
GfxDevice: creating device client; threaded=0
2021-07-03 18:32:55.649 Unity[89644:3083632] Color LCD preferred device: Intel(R) UHD Graphics 617 (low power)
2021-07-03 18:32:55.649 Unity[89644:3083632] Metal devices available: 1
2021-07-03 18:32:55.649 Unity[89644:3083632] 0: Intel(R) UHD Graphics 617 (low power)
2021-07-03 18:32:55.650 Unity[89644:3083632] Using device Intel(R) UHD Graphics 617 (low power)
Initializing Metal device caps: Intel(R) UHD Graphics 617
Initialize mono
Mono path[0] = '/Applications/Unity/Hub/Editor/2020.3.5f1/Unity.app/Contents/Managed'
Mono path[1] = '/Applications/Unity/Hub/Editor/2020.3.5f1/Unity.app/Contents/MonoBleedingEdge/lib/mono/unityjit'
Mono config path = '/Applications/Unity/Hub/Editor/2020.3.5f1/Unity.app/Contents/MonoBleedingEdge/etc'
Using monoOptions --debugger-agent=transport=dt_socket,embedding=1,server=y,suspend=n,address=127.0.0.1:56644
Begin MonoManager ReloadAssembly
Registering precompiled unity dll's ...
Register platform support module: /Applications/Unity/Hub/Editor/2020.3.5f1/Unity.app/Contents/PlaybackEngines/MacStandaloneSupport/UnityEditor.OSXStandalone.Extensions.dll
Registered in 0.002661 seconds.
Native extension for OSXStandalone target not found
Refreshing native plugins compatible for Editor in 44.90 ms, found 1 plugins.
Preloading 0 native plugins for Editor in 0.00 ms.
Mono: successfully reloaded assembly
- Completed reload, in  3.826 seconds
Platform modules already initialized, skipping
Registering precompiled user dll's ...
Registered in 0.001440 seconds.
Begin MonoManager ReloadAssembly
Native extension for OSXStandalone target not found
Refreshing native plugins compatible for Editor in 0.51 ms, found 1 plugins.
Preloading 0 native plugins for Editor in 0.00 ms.
Mono: successfully reloaded assembly
- Completed reload, in  1.576 seconds
Platform modules already initialized, skipping
========================================================================
Worker process is ready to serve import requests
Launching external process: /Applications/Unity/Hub/Editor/2020.3.5f1/Unity.app/Contents/Tools/UnityShaderCompiler
Launched and connected shader compiler UnityShaderCompiler after 0.04 seconds
Refreshing native plugins compatible for Editor in 0.37 ms, found 1 plugins.
Preloading 0 native plugins for Editor in 0.00 ms.
Unloading 1184 Unused Serialized files (Serialized files now loaded: 0)
System memory in use before: 118.4 MB.
System memory in use after: 118.5 MB.

Unloading 9 unused Assets to reduce memory usage. Loaded Objects now: 1638.
Total: 4.106118 ms (FindLiveObjects: 0.425896 ms CreateObjectMapping: 0.140470 ms MarkObjects: 3.411230 ms  DeleteObjects: 0.126097 ms)

========================================================================
Received Import Request.
  path: Assets/Scripts/UserMovement.cs
  artifactKey: Guid(4e51cc264f4b028bd9b84e5b538e1678) Importer(815301076,1909f56bfc062723c751e8b465ee728b)
Start importing Assets/Scripts/UserMovement.cs using Guid(4e51cc264f4b028bd9b84e5b538e1678) Importer(815301076,1909f56bfc062723c751e8b465ee728b)  -> (artifact id: '23f45593e7c9ec358740395669b3b917') in 0.830632 seconds
  Import took 0.835188 seconds .

